0 silly argv {
0 silly argv   _: [ 'bootstrap' ],
0 silly argv   hoist: true,
0 silly argv   lernaVersion: '3.22.1',
0 silly argv   '$0': '/Users/pouya/Projects/clio/node_modules/.bin/lerna'
0 silly argv }
1 notice cli v3.22.1
2 verbose rootPath /Users/pouya/Projects/clio
3 verbose hoist using globs ["**"]
4 silly npmConfig {
4 silly npmConfig   registry: undefined,
4 silly npmConfig   npmClient: 'npm',
4 silly npmConfig   npmClientArgs: [],
4 silly npmConfig   mutex: undefined
4 silly npmConfig }
5 info Bootstrapping 10 packages
6 verbose lifecycle preinstall
7 silly lifecycle No script for "preinstall" in "clio-core", continuing
8 silly lifecycle No script for "preinstall" in "clio-highlight", continuing
9 silly lifecycle No script for "preinstall" in "clio-lang-internals", continuing
10 silly lifecycle No script for "preinstall" in "clio-manifest", continuing
11 silly lifecycle No script for "preinstall" in "clio-playground", continuing
12 silly lifecycle No script for "preinstall" in "clio-rpc", continuing
13 silly lifecycle No script for "preinstall" in "clio-run", continuing
14 silly lifecycle No script for "preinstall" in "clio-utils", continuing
15 silly lifecycle No script for "preinstall" in "clio-lang-cli", continuing
16 silly lifecycle No script for "preinstall" in "clio-website", continuing
17 warn EHOIST_PKG_VERSION "clio-lang-cli" package depends on clio-core@^0.1.0, which differs from the hoisted clio-core@0.1.0.
18 warn EHOIST_PKG_VERSION "clio-core" package depends on clio-run@^0.1.2, which differs from the hoisted clio-run@0.1.2.
19 warn EHOIST_PKG_VERSION "clio-playground" package depends on clio-rpc@0.0.5, which differs from the hoisted clio-rpc@^0.0.5.
20 silly hasDependencyInstalled clio @types/jest
21 silly hasDependencyInstalled clio degit
22 silly hasDependencyInstalled clio del
23 silly hasDependencyInstalled clio eslint
24 silly hasDependencyInstalled clio eslint-plugin-jest
25 silly hasDependencyInstalled clio jest
26 silly hasDependencyInstalled clio lerna
27 silly hasDependencyInstalled clio merge
28 silly hasDependencyInstalled clio ora
29 silly hasDependencyInstalled clio parcel-bundler
30 silly hasDependencyInstalled clio prettier
31 silly hasDependencyInstalled clio @iarna/toml
32 silly hasDependencyInstalled clio chalk
33 silly hasDependencyInstalled clio decompress
34 silly hasDependencyInstalled clio node-fetch
35 silly hasDependencyInstalled clio source-map
36 silly hasDependencyInstalled clio tmp
37 silly hasDependencyInstalled clio yargs
38 silly hasDependencyInstalled clio clio-core
39 silly hasDependencyInstalled clio clio-utils
40 silly hasDependencyInstalled clio clio-manifest
41 silly hasDependencyInstalled clio clio-run
42 silly hasDependencyInstalled clio npm-registry-fetch
43 silly hasDependencyInstalled clio @rollup/plugin-alias
44 silly hasDependencyInstalled clio @rollup/plugin-commonjs
45 silly hasDependencyInstalled clio @rollup/plugin-node-resolve
46 silly hasDependencyInstalled clio babel-plugin-module-resolver
47 silly hasDependencyInstalled clio rollup
48 silly hasDependencyInstalled clio rollup-plugin-livereload
49 silly hasDependencyInstalled clio rollup-plugin-node-polyfills
50 silly hasDependencyInstalled clio rollup-plugin-svelte
51 silly hasDependencyInstalled clio rollup-plugin-terser
52 silly hasDependencyInstalled clio svelte
53 silly hasDependencyInstalled clio @surma/rollup-plugin-off-main-thread
54 silly hasDependencyInstalled clio clio-rpc
55 silly hasDependencyInstalled clio fontfaceobserver
56 silly hasDependencyInstalled clio object-inspect
57 silly hasDependencyInstalled clio sirv-cli
58 silly hasDependencyInstalled clio ws
59 silly hasDependencyInstalled clio why-is-node-running
60 silly hasDependencyInstalled clio clio-lang-internals
61 silly hasDependencyInstalled clio @fortawesome/fontawesome-free
62 silly hasDependencyInstalled clio-lang-cli clio-core
63 silly hasDependencyInstalled clio-core clio-run
64 silly hasDependencyInstalled clio-playground clio-rpc
65 silly root dependencies {}
66 silly leaf dependencies {}
67 info Installing external dependencies
68 verbose actions 5 actions, concurrency 16
69 info hoist Installing hoisted dependencies into root
70 silly npmInstallDependencies clio [
70 silly npmInstallDependencies   '@types/jest@^24.0.24',
70 silly npmInstallDependencies   'degit@^2.2.2',
70 silly npmInstallDependencies   'del@5.1.0',
70 silly npmInstallDependencies   'eslint@^6.8.0',
70 silly npmInstallDependencies   'eslint-plugin-jest@^23.20.0',
70 silly npmInstallDependencies   'jest@^25.5.4',
70 silly npmInstallDependencies   'lerna@^3.22.1',
70 silly npmInstallDependencies   'merge@1.2.1',
70 silly npmInstallDependencies   'ora@^4.1.1',
70 silly npmInstallDependencies   'parcel-bundler@^1.3.1',
70 silly npmInstallDependencies   'prettier@^2.1.2',
70 silly npmInstallDependencies   '@iarna/toml@^2.2.5',
70 silly npmInstallDependencies   'chalk@3.0.0',
70 silly npmInstallDependencies   'decompress@^4.2.1',
70 silly npmInstallDependencies   'node-fetch@^2.6.1',
70 silly npmInstallDependencies   'source-map@^0.7.3',
70 silly npmInstallDependencies   'tmp@0.1.0',
70 silly npmInstallDependencies   'yargs@^15.4.1',
70 silly npmInstallDependencies   'clio-core@0.1.0',
70 silly npmInstallDependencies   'clio-utils@^0.1.0',
70 silly npmInstallDependencies   'clio-manifest@^0.1.0',
70 silly npmInstallDependencies   'clio-run@0.1.2',
70 silly npmInstallDependencies   'npm-registry-fetch@^9.0.0',
70 silly npmInstallDependencies   '@rollup/plugin-alias@^3.1.1',
70 silly npmInstallDependencies   '@rollup/plugin-commonjs@^14.0.0',
70 silly npmInstallDependencies   '@rollup/plugin-node-resolve@^8.0.0',
70 silly npmInstallDependencies   'babel-plugin-module-resolver@^4.0.0',
70 silly npmInstallDependencies   'rollup@^2.3.4',
70 silly npmInstallDependencies   'rollup-plugin-livereload@^2.0.0',
70 silly npmInstallDependencies   'rollup-plugin-node-polyfills@^0.2.1',
70 silly npmInstallDependencies   'rollup-plugin-svelte@^6.0.0',
70 silly npmInstallDependencies   'rollup-plugin-terser@^7.0.0',
70 silly npmInstallDependencies   'svelte@^3.0.0',
70 silly npmInstallDependencies   '@surma/rollup-plugin-off-main-thread@^1.4.1',
70 silly npmInstallDependencies   'clio-rpc@^0.0.5',
70 silly npmInstallDependencies   'fontfaceobserver@^2.1.0',
70 silly npmInstallDependencies   'object-inspect@^1.8.0',
70 silly npmInstallDependencies   'sirv-cli@^1.0.0',
70 silly npmInstallDependencies   'ws@^7.2.3',
70 silly npmInstallDependencies   'why-is-node-running@^2.2.0',
70 silly npmInstallDependencies   'clio-lang-internals@^0.1.0',
70 silly npmInstallDependencies   '@fortawesome/fontawesome-free@^5.15.1'
70 silly npmInstallDependencies ]
71 silly npmInstallDependencies backup /Users/pouya/Projects/clio/package.json
72 info hoist Pruning hoisted dependencies
73 silly prune [
73 silly prune   '/Users/pouya/Projects/clio/packages/highlight/node_modules/chalk',
73 silly prune   '/Users/pouya/Projects/clio/packages/core/node_modules/source-map',
73 silly prune   '/Users/pouya/Projects/clio/packages/playground/node_modules/clio-core',
73 silly prune   '/Users/pouya/Projects/clio/packages/cli/node_modules/clio-utils',
73 silly prune   '/Users/pouya/Projects/clio/packages/cli/node_modules/clio-manifest',
73 silly prune   '/Users/pouya/Projects/clio/packages/playground/node_modules/clio-run',
73 silly prune   '/Users/pouya/Projects/clio/packages/manifest/node_modules/npm-registry-fetch',
73 silly prune   '/Users/pouya/Projects/clio/packages/playground/node_modules/@rollup/plugin-alias',
73 silly prune   '/Users/pouya/Projects/clio/packages/website/node_modules/@rollup/plugin-alias',
73 silly prune   '/Users/pouya/Projects/clio/packages/playground/node_modules/@rollup/plugin-commonjs',
73 silly prune   '/Users/pouya/Projects/clio/packages/website/node_modules/@rollup/plugin-commonjs',
73 silly prune   '/Users/pouya/Projects/clio/packages/playground/node_modules/@rollup/plugin-node-resolve',
73 silly prune   '/Users/pouya/Projects/clio/packages/website/node_modules/@rollup/plugin-node-resolve',
73 silly prune   '/Users/pouya/Projects/clio/packages/playground/node_modules/babel-plugin-module-resolver',
73 silly prune   '/Users/pouya/Projects/clio/packages/playground/node_modules/rollup',
73 silly prune   '/Users/pouya/Projects/clio/packages/website/node_modules/rollup',
73 silly prune   '/Users/pouya/Projects/clio/packages/playground/node_modules/rollup-plugin-livereload',
73 silly prune   '/Users/pouya/Projects/clio/packages/website/node_modules/rollup-plugin-livereload',
73 silly prune   '/Users/pouya/Projects/clio/packages/playground/node_modules/rollup-plugin-node-polyfills',
73 silly prune   '/Users/pouya/Projects/clio/packages/website/node_modules/rollup-plugin-node-polyfills',
73 silly prune   '/Users/pouya/Projects/clio/packages/playground/node_modules/rollup-plugin-svelte',
73 silly prune   '/Users/pouya/Projects/clio/packages/website/node_modules/rollup-plugin-svelte',
73 silly prune   '/Users/pouya/Projects/clio/packages/playground/node_modules/rollup-plugin-terser',
73 silly prune   '/Users/pouya/Projects/clio/packages/website/node_modules/rollup-plugin-terser',
73 silly prune   '/Users/pouya/Projects/clio/packages/playground/node_modules/svelte',
73 silly prune   '/Users/pouya/Projects/clio/packages/website/node_modules/svelte',
73 silly prune   '/Users/pouya/Projects/clio/packages/playground/node_modules/@surma/rollup-plugin-off-main-thread',
73 silly prune   '/Users/pouya/Projects/clio/packages/run/node_modules/clio-rpc',
73 silly prune   '/Users/pouya/Projects/clio/packages/playground/node_modules/fontfaceobserver',
73 silly prune   '/Users/pouya/Projects/clio/packages/playground/node_modules/object-inspect',
73 silly prune   '/Users/pouya/Projects/clio/packages/playground/node_modules/sirv-cli',
73 silly prune   '/Users/pouya/Projects/clio/packages/website/node_modules/sirv-cli',
73 silly prune   '/Users/pouya/Projects/clio/packages/rpc/node_modules/ws',
73 silly prune   '/Users/pouya/Projects/clio/packages/run/node_modules/why-is-node-running',
73 silly prune   '/Users/pouya/Projects/clio/packages/run/node_modules/clio-lang-internals',
73 silly prune   '/Users/pouya/Projects/clio/packages/website/node_modules/@fortawesome/fontawesome-free'
73 silly prune ]
74 silly npmInstallDependencies clio-lang-cli [ 'clio-core@^0.1.0' ]
75 silly npmInstallDependencies backup /Users/pouya/Projects/clio/packages/cli/package.json
76 silly npmInstallDependencies clio-core [ 'clio-run@^0.1.2' ]
77 silly npmInstallDependencies backup /Users/pouya/Projects/clio/packages/core/package.json
78 silly npmInstallDependencies clio-playground [ 'clio-rpc@0.0.5' ]
79 silly npmInstallDependencies backup /Users/pouya/Projects/clio/packages/playground/package.json
80 silly rimrafDir /Users/pouya/Projects/clio/packages/highlight/node_modules/chalk
81 silly rimrafDir /Users/pouya/Projects/clio/packages/core/node_modules/source-map
82 silly rimrafDir /Users/pouya/Projects/clio/packages/playground/node_modules/clio-core
83 silly rimrafDir /Users/pouya/Projects/clio/packages/cli/node_modules/clio-utils
84 silly rimrafDir /Users/pouya/Projects/clio/packages/cli/node_modules/clio-manifest
85 silly rimrafDir /Users/pouya/Projects/clio/packages/playground/node_modules/clio-run
86 silly rimrafDir /Users/pouya/Projects/clio/packages/manifest/node_modules/npm-registry-fetch
87 silly rimrafDir /Users/pouya/Projects/clio/packages/playground/node_modules/@rollup/plugin-alias
88 silly rimrafDir /Users/pouya/Projects/clio/packages/website/node_modules/@rollup/plugin-alias
89 silly rimrafDir /Users/pouya/Projects/clio/packages/playground/node_modules/@rollup/plugin-commonjs
90 silly rimrafDir /Users/pouya/Projects/clio/packages/website/node_modules/@rollup/plugin-commonjs
91 silly rimrafDir /Users/pouya/Projects/clio/packages/playground/node_modules/@rollup/plugin-node-resolve
92 silly rimrafDir /Users/pouya/Projects/clio/packages/website/node_modules/@rollup/plugin-node-resolve
93 silly rimrafDir /Users/pouya/Projects/clio/packages/playground/node_modules/babel-plugin-module-resolver
94 silly rimrafDir /Users/pouya/Projects/clio/packages/playground/node_modules/rollup
95 silly rimrafDir /Users/pouya/Projects/clio/packages/website/node_modules/rollup
96 silly npmInstallDependencies writing tempJson {
96 silly npmInstallDependencies   name: 'clio',
96 silly npmInstallDependencies   version: '0.3.0-alpha.0',
96 silly npmInstallDependencies   description: 'Clio Programming Language',
96 silly npmInstallDependencies   main: 'packages/cli/index.js',
96 silly npmInstallDependencies   engines: { node: '>=13.0.0', npm: '>=6.12.0' },
96 silly npmInstallDependencies   author: 'Pouya Eghbali',
96 silly npmInstallDependencies   contributors: [
96 silly npmInstallDependencies     {
96 silly npmInstallDependencies       email: 'ciao@micheleriva.it',
96 silly npmInstallDependencies       name: 'Michele Riva',
96 silly npmInstallDependencies       url: 'https://www.micheleriva.it'
96 silly npmInstallDependencies     },
96 silly npmInstallDependencies     {
96 silly npmInstallDependencies       email: 'garritfranke@gmail.com',
96 silly npmInstallDependencies       name: 'Garrit Franke',
96 silly npmInstallDependencies       url: 'https://garrit.xyz'
96 silly npmInstallDependencies     }
96 silly npmInstallDependencies   ],
96 silly npmInstallDependencies   license: 'Apache-2.0',
96 silly npmInstallDependencies   bin: { clio: 'packages/cli/index.js' },
96 silly npmInstallDependencies   repository: { type: 'git', url: 'https://github.com/clio-lang/clio.git' },
96 silly npmInstallDependencies   dependencies: {
96 silly npmInstallDependencies     '@iarna/toml': '^2.2.5',
96 silly npmInstallDependencies     chalk: '3.0.0',
96 silly npmInstallDependencies     decompress: '^4.2.1',
96 silly npmInstallDependencies     'node-fetch': '^2.6.1',
96 silly npmInstallDependencies     'source-map': '^0.7.3',
96 silly npmInstallDependencies     tmp: '0.1.0',
96 silly npmInstallDependencies     yargs: '^15.4.1',
96 silly npmInstallDependencies     'clio-core': '0.1.0',
96 silly npmInstallDependencies     'clio-utils': '^0.1.0',
96 silly npmInstallDependencies     'clio-manifest': '^0.1.0',
96 silly npmInstallDependencies     'clio-run': '0.1.2',
96 silly npmInstallDependencies     'npm-registry-fetch': '^9.0.0',
96 silly npmInstallDependencies     '@rollup/plugin-alias': '^3.1.1',
96 silly npmInstallDependencies     '@rollup/plugin-commonjs': '^14.0.0',
96 silly npmInstallDependencies     '@rollup/plugin-node-resolve': '^8.0.0',
96 silly npmInstallDependencies     'babel-plugin-module-resolver': '^4.0.0',
96 silly npmInstallDependencies     rollup: '^2.3.4',
96 silly npmInstallDependencies     'rollup-plugin-livereload': '^2.0.0',
96 silly npmInstallDependencies     'rollup-plugin-node-polyfills': '^0.2.1',
96 silly npmInstallDependencies     'rollup-plugin-svelte': '^6.0.0',
96 silly npmInstallDependencies     'rollup-plugin-terser': '^7.0.0',
96 silly npmInstallDependencies     svelte: '^3.0.0',
96 silly npmInstallDependencies     '@surma/rollup-plugin-off-main-thread': '^1.4.1',
96 silly npmInstallDependencies     'clio-rpc': '^0.0.5',
96 silly npmInstallDependencies     fontfaceobserver: '^2.1.0',
96 silly npmInstallDependencies     'object-inspect': '^1.8.0',
96 silly npmInstallDependencies     'sirv-cli': '^1.0.0',
96 silly npmInstallDependencies     ws: '^7.2.3',
96 silly npmInstallDependencies     'why-is-node-running': '^2.2.0',
96 silly npmInstallDependencies     'clio-lang-internals': '^0.1.0',
96 silly npmInstallDependencies     '@fortawesome/fontawesome-free': '^5.15.1'
96 silly npmInstallDependencies   },
96 silly npmInstallDependencies   devDependencies: {
96 silly npmInstallDependencies     '@types/jest': '^24.0.24',
96 silly npmInstallDependencies     degit: '^2.2.2',
96 silly npmInstallDependencies     del: '5.1.0',
96 silly npmInstallDependencies     eslint: '^6.8.0',
96 silly npmInstallDependencies     'eslint-plugin-jest': '^23.20.0',
96 silly npmInstallDependencies     jest: '^25.5.4',
96 silly npmInstallDependencies     lerna: '^3.22.1',
96 silly npmInstallDependencies     merge: '1.2.1',
96 silly npmInstallDependencies     ora: '^4.1.1',
96 silly npmInstallDependencies     'parcel-bundler': '^1.3.1',
96 silly npmInstallDependencies     prettier: '^2.1.2'
96 silly npmInstallDependencies   }
96 silly npmInstallDependencies }
97 silly npmInstallDependencies writing tempJson {
97 silly npmInstallDependencies   name: 'clio-lang-cli',
97 silly npmInstallDependencies   version: '0.2.0',
97 silly npmInstallDependencies   description: '',
97 silly npmInstallDependencies   main: 'index.js',
97 silly npmInstallDependencies   directories: { lib: 'lib' },
97 silly npmInstallDependencies   author: 'Garrit Franke <garritfranke@gmail.com>',
97 silly npmInstallDependencies   license: 'Apache-2.0',
97 silly npmInstallDependencies   dependencies: { 'clio-core': '^0.1.0' }
97 silly npmInstallDependencies }
98 silly npmInstallDependencies writing tempJson {
98 silly npmInstallDependencies   name: 'clio-core',
98 silly npmInstallDependencies   version: '0.2.0',
98 silly npmInstallDependencies   description: '',
98 silly npmInstallDependencies   main: 'index.js',
98 silly npmInstallDependencies   author: 'Pouya Eghbali <pouya.eghbali@yandex.com>',
98 silly npmInstallDependencies   license: 'Apache-2.0',
98 silly npmInstallDependencies   dependencies: {},
98 silly npmInstallDependencies   devDependencies: { 'clio-run': '^0.1.2' }
98 silly npmInstallDependencies }
99 verbose prune /Users/pouya/Projects/clio/packages/highlight/node_modules/chalk
100 silly rimrafDir /Users/pouya/Projects/clio/packages/playground/node_modules/rollup-plugin-livereload
101 verbose prune /Users/pouya/Projects/clio/packages/core/node_modules/source-map
102 silly rimrafDir /Users/pouya/Projects/clio/packages/website/node_modules/rollup-plugin-livereload
103 silly npmInstallDependencies writing tempJson {
103 silly npmInstallDependencies   name: 'clio-playground',
103 silly npmInstallDependencies   version: '0.0.1',
103 silly npmInstallDependencies   devDependencies: {},
103 silly npmInstallDependencies   dependencies: { 'clio-rpc': '0.0.5' }
103 silly npmInstallDependencies }
104 verbose prune /Users/pouya/Projects/clio/packages/manifest/node_modules/npm-registry-fetch
105 silly rimrafDir /Users/pouya/Projects/clio/packages/playground/node_modules/rollup-plugin-node-polyfills
106 verbose prune /Users/pouya/Projects/clio/packages/playground/node_modules/@rollup/plugin-alias
107 silly rimrafDir /Users/pouya/Projects/clio/packages/website/node_modules/rollup-plugin-node-polyfills
108 verbose prune /Users/pouya/Projects/clio/packages/website/node_modules/@rollup/plugin-alias
109 silly rimrafDir /Users/pouya/Projects/clio/packages/playground/node_modules/rollup-plugin-svelte
110 verbose prune /Users/pouya/Projects/clio/packages/playground/node_modules/@rollup/plugin-commonjs
111 silly rimrafDir /Users/pouya/Projects/clio/packages/website/node_modules/rollup-plugin-svelte
112 verbose prune /Users/pouya/Projects/clio/packages/website/node_modules/@rollup/plugin-commonjs
113 silly rimrafDir /Users/pouya/Projects/clio/packages/playground/node_modules/rollup-plugin-terser
114 verbose prune /Users/pouya/Projects/clio/packages/playground/node_modules/@rollup/plugin-node-resolve
115 silly rimrafDir /Users/pouya/Projects/clio/packages/website/node_modules/rollup-plugin-terser
116 verbose prune /Users/pouya/Projects/clio/packages/website/node_modules/@rollup/plugin-node-resolve
117 silly rimrafDir /Users/pouya/Projects/clio/packages/playground/node_modules/svelte
118 verbose prune /Users/pouya/Projects/clio/packages/playground/node_modules/babel-plugin-module-resolver
119 silly rimrafDir /Users/pouya/Projects/clio/packages/website/node_modules/svelte
120 verbose prune /Users/pouya/Projects/clio/packages/playground/node_modules/rollup
121 silly rimrafDir /Users/pouya/Projects/clio/packages/playground/node_modules/@surma/rollup-plugin-off-main-thread
122 verbose prune /Users/pouya/Projects/clio/packages/website/node_modules/rollup
123 silly rimrafDir /Users/pouya/Projects/clio/packages/run/node_modules/clio-rpc
124 verbose prune /Users/pouya/Projects/clio/packages/playground/node_modules/rollup-plugin-livereload
125 silly rimrafDir /Users/pouya/Projects/clio/packages/playground/node_modules/fontfaceobserver
126 verbose prune /Users/pouya/Projects/clio/packages/website/node_modules/rollup-plugin-livereload
127 silly rimrafDir /Users/pouya/Projects/clio/packages/playground/node_modules/object-inspect
128 verbose prune /Users/pouya/Projects/clio/packages/playground/node_modules/rollup-plugin-node-polyfills
129 silly rimrafDir /Users/pouya/Projects/clio/packages/playground/node_modules/sirv-cli
130 verbose prune /Users/pouya/Projects/clio/packages/website/node_modules/rollup-plugin-node-polyfills
131 silly rimrafDir /Users/pouya/Projects/clio/packages/website/node_modules/sirv-cli
132 verbose prune /Users/pouya/Projects/clio/packages/playground/node_modules/rollup-plugin-svelte
133 silly rimrafDir /Users/pouya/Projects/clio/packages/rpc/node_modules/ws
134 verbose prune /Users/pouya/Projects/clio/packages/website/node_modules/rollup-plugin-svelte
135 silly rimrafDir /Users/pouya/Projects/clio/packages/run/node_modules/why-is-node-running
136 verbose prune /Users/pouya/Projects/clio/packages/playground/node_modules/rollup-plugin-terser
137 silly rimrafDir /Users/pouya/Projects/clio/packages/run/node_modules/clio-lang-internals
138 verbose prune /Users/pouya/Projects/clio/packages/website/node_modules/rollup-plugin-terser
139 silly rimrafDir /Users/pouya/Projects/clio/packages/website/node_modules/@fortawesome/fontawesome-free
140 verbose prune /Users/pouya/Projects/clio/packages/playground/node_modules/svelte
141 verbose prune /Users/pouya/Projects/clio/packages/website/node_modules/svelte
142 verbose prune /Users/pouya/Projects/clio/packages/playground/node_modules/@surma/rollup-plugin-off-main-thread
143 verbose prune /Users/pouya/Projects/clio/packages/playground/node_modules/fontfaceobserver
144 verbose prune /Users/pouya/Projects/clio/packages/playground/node_modules/object-inspect
145 verbose prune /Users/pouya/Projects/clio/packages/playground/node_modules/sirv-cli
146 verbose prune /Users/pouya/Projects/clio/packages/website/node_modules/sirv-cli
147 verbose prune /Users/pouya/Projects/clio/packages/rpc/node_modules/ws
148 verbose prune /Users/pouya/Projects/clio/packages/run/node_modules/why-is-node-running
149 verbose prune /Users/pouya/Projects/clio/packages/run/node_modules/clio-lang-internals
150 verbose prune /Users/pouya/Projects/clio/packages/website/node_modules/@fortawesome/fontawesome-free
151 silly getExecOpts /Users/pouya/Projects/clio undefined
152 silly npmInstall [ 'npm', [ 'install' ] ]
153 silly getExecOpts /Users/pouya/Projects/clio/packages/playground undefined
154 silly npmInstall [ 'npm', [ 'install', '--global-style' ] ]
155 silly getExecOpts /Users/pouya/Projects/clio/packages/cli undefined
156 silly npmInstall [ 'npm', [ 'install', '--global-style' ] ]
157 verbose rimrafDir removed /Users/pouya/Projects/clio/packages/cli/node_modules/clio-utils
158 verbose prune /Users/pouya/Projects/clio/packages/cli/node_modules/clio-utils
159 verbose rimrafDir removed /Users/pouya/Projects/clio/packages/run/node_modules/clio-rpc
160 verbose prune /Users/pouya/Projects/clio/packages/run/node_modules/clio-rpc
161 silly npmInstallDependencies cleanup /Users/pouya/Projects/clio/packages/core/package.json
162 error Error: ENOENT: no such file or directory, rename '/Users/pouya/Projects/clio/packages/core/package.json.lerna_backup' -> '/Users/pouya/Projects/clio/packages/core/package.json'
162 error     at Object.renameSync (node:fs:772:3)
162 error     at cleanup (/Users/pouya/Projects/clio/node_modules/@lerna/npm-install/npm-install.js:70:10)
